{
  "stats": {
    "suites": 1,
    "tests": 3,
    "passes": 3,
    "pending": 0,
    "failures": 0,
    "start": "2017-03-01T22:27:59.654Z",
    "end": "2017-03-01T22:28:13.421Z",
    "duration": 13767,
    "testsRegistered": 3,
    "passPercent": 100,
    "pendingPercent": 0,
    "other": 0,
    "hasOther": false,
    "skipped": 0,
    "hasSkipped": false,
    "passPercentClass": "success",
    "pendingPercentClass": "danger"
  },
  "suites": {
    "title": "",
    "suites": [
      {
        "title": "Landing Page",
        "suites": [],
        "tests": [
          {
            "title": "Title",
            "fullTitle": "Landing Page: Title",
            "timedOut": false,
            "duration": 2969,
            "state": "passed",
            "speed": "slow",
            "pass": true,
            "fail": false,
            "pending": false,
            "code": "I.amOnPage('/index.html');\nI.seeInTitle('Ice Age Mapper'); //check that the main title is there",
            "err": {},
            "isRoot": false,
            "uuid": "b6c3e321-6b69-4136-8c0a-940208bcd4df",
            "parentUUID": "59d57d9d-1233-4463-877f-272577044501",
            "skipped": false
          },
          {
            "title": "Check main navigation on landing page",
            "fullTitle": "Landing Page: Check main navigation on landing page",
            "timedOut": false,
            "duration": 4211,
            "state": "passed",
            "speed": "slow",
            "pass": true,
            "fail": false,
            "pending": false,
            "code": "I.amOnPage('/index.html');\nI.seeElement(\"#goToMap\"); //make sure the link is present\nI.click(\"Take me straight to the map\");//click the link\nI.seeInCurrentUrl(\"/iam.html\") //make sure the navigation works",
            "err": {},
            "isRoot": false,
            "uuid": "586b43a3-2e37-40de-a6d8-afe682866955",
            "parentUUID": "59d57d9d-1233-4463-877f-272577044501",
            "skipped": false
          },
          {
            "title": "Check search bar",
            "fullTitle": "Landing Page: Check search bar",
            "timedOut": false,
            "duration": 6551,
            "state": "passed",
            "speed": "slow",
            "pass": true,
            "fail": false,
            "pending": false,
            "code": "function* (I){\n  I.amOnPage('/index.html');\n  I.seeElement(\"#taxaAutocomplete\");\n  I.fillField(\"#taxaAutocomplete\", \"picea\");\n  //check that it autocompletes\n  I.seeElement('li', {'text': \"Picea\"})\n  I.seeElement('li', {'text': \"Picea sp.\"})\n  I.seeElement('li', {'text': \"Picea abies\"})\n  //click the first element\n  I.click(\"ul>li>mark\");\n  //check the link is right\n  I.click(\"#searchButton\");\n  I.seeInCurrentUrl(\"/iam.html?taxonname=Picea\")",
            "err": {},
            "isRoot": false,
            "uuid": "1e15f35e-dc1d-4972-af17-f3ed35e6b7ba",
            "parentUUID": "59d57d9d-1233-4463-877f-272577044501",
            "skipped": false
          }
        ],
        "pending": [],
        "root": false,
        "_timeout": 0,
        "file": "/index_test.js",
        "uuid": "59d57d9d-1233-4463-877f-272577044501",
        "fullFile": "/Users/scottsfarley/Documents/iceagemapper/tests/index_test.js",
        "passes": [
          {
            "title": "Title",
            "fullTitle": "Landing Page: Title",
            "timedOut": false,
            "duration": 2969,
            "state": "passed",
            "speed": "slow",
            "pass": true,
            "fail": false,
            "pending": false,
            "code": "I.amOnPage('/index.html');\nI.seeInTitle('Ice Age Mapper'); //check that the main title is there",
            "err": {},
            "isRoot": false,
            "uuid": "b6c3e321-6b69-4136-8c0a-940208bcd4df",
            "parentUUID": "59d57d9d-1233-4463-877f-272577044501",
            "skipped": false
          },
          {
            "title": "Check main navigation on landing page",
            "fullTitle": "Landing Page: Check main navigation on landing page",
            "timedOut": false,
            "duration": 4211,
            "state": "passed",
            "speed": "slow",
            "pass": true,
            "fail": false,
            "pending": false,
            "code": "I.amOnPage('/index.html');\nI.seeElement(\"#goToMap\"); //make sure the link is present\nI.click(\"Take me straight to the map\");//click the link\nI.seeInCurrentUrl(\"/iam.html\") //make sure the navigation works",
            "err": {},
            "isRoot": false,
            "uuid": "586b43a3-2e37-40de-a6d8-afe682866955",
            "parentUUID": "59d57d9d-1233-4463-877f-272577044501",
            "skipped": false
          },
          {
            "title": "Check search bar",
            "fullTitle": "Landing Page: Check search bar",
            "timedOut": false,
            "duration": 6551,
            "state": "passed",
            "speed": "slow",
            "pass": true,
            "fail": false,
            "pending": false,
            "code": "function* (I){\n  I.amOnPage('/index.html');\n  I.seeElement(\"#taxaAutocomplete\");\n  I.fillField(\"#taxaAutocomplete\", \"picea\");\n  //check that it autocompletes\n  I.seeElement('li', {'text': \"Picea\"})\n  I.seeElement('li', {'text': \"Picea sp.\"})\n  I.seeElement('li', {'text': \"Picea abies\"})\n  //click the first element\n  I.click(\"ul>li>mark\");\n  //check the link is right\n  I.click(\"#searchButton\");\n  I.seeInCurrentUrl(\"/iam.html?taxonname=Picea\")",
            "err": {},
            "isRoot": false,
            "uuid": "1e15f35e-dc1d-4972-af17-f3ed35e6b7ba",
            "parentUUID": "59d57d9d-1233-4463-877f-272577044501",
            "skipped": false
          }
        ],
        "failures": [],
        "skipped": [],
        "hasTests": true,
        "hasSuites": false,
        "totalTests": 3,
        "totalPasses": 3,
        "totalFailures": 0,
        "totalPending": 0,
        "totalSkipped": 0,
        "hasPasses": true,
        "hasFailures": false,
        "hasPending": false,
        "hasSkipped": false,
        "duration": 13731,
        "rootEmpty": false
      }
    ],
    "tests": [],
    "pending": [],
    "root": true,
    "_timeout": 0,
    "uuid": "e9f2b0ee-e4b1-41be-8668-b6f2a653b694",
    "fullFile": "",
    "file": "",
    "passes": [],
    "failures": [],
    "skipped": [],
    "hasTests": false,
    "hasSuites": true,
    "totalTests": 0,
    "totalPasses": 0,
    "totalFailures": 0,
    "totalPending": 0,
    "totalSkipped": 0,
    "hasPasses": false,
    "hasFailures": false,
    "hasPending": false,
    "hasSkipped": false,
    "duration": 0,
    "rootEmpty": true
  },
  "allTests": [
    {
      "title": "Title",
      "fullTitle": "Landing Page: Title",
      "timedOut": false,
      "duration": 2969,
      "state": "passed",
      "speed": "slow",
      "pass": true,
      "fail": false,
      "pending": false,
      "code": "I.amOnPage('/index.html');\nI.seeInTitle('Ice Age Mapper'); //check that the main title is there",
      "err": {},
      "isRoot": false,
      "uuid": "b6c3e321-6b69-4136-8c0a-940208bcd4df",
      "parentUUID": "59d57d9d-1233-4463-877f-272577044501",
      "skipped": false
    },
    {
      "title": "Check main navigation on landing page",
      "fullTitle": "Landing Page: Check main navigation on landing page",
      "timedOut": false,
      "duration": 4211,
      "state": "passed",
      "speed": "slow",
      "pass": true,
      "fail": false,
      "pending": false,
      "code": "I.amOnPage('/index.html');\nI.seeElement(\"#goToMap\"); //make sure the link is present\nI.click(\"Take me straight to the map\");//click the link\nI.seeInCurrentUrl(\"/iam.html\") //make sure the navigation works",
      "err": {},
      "isRoot": false,
      "uuid": "586b43a3-2e37-40de-a6d8-afe682866955",
      "parentUUID": "59d57d9d-1233-4463-877f-272577044501",
      "skipped": false
    },
    {
      "title": "Check search bar",
      "fullTitle": "Landing Page: Check search bar",
      "timedOut": false,
      "duration": 6551,
      "state": "passed",
      "speed": "slow",
      "pass": true,
      "fail": false,
      "pending": false,
      "code": "function* (I){\n  I.amOnPage('/index.html');\n  I.seeElement(\"#taxaAutocomplete\");\n  I.fillField(\"#taxaAutocomplete\", \"picea\");\n  //check that it autocompletes\n  I.seeElement('li', {'text': \"Picea\"})\n  I.seeElement('li', {'text': \"Picea sp.\"})\n  I.seeElement('li', {'text': \"Picea abies\"})\n  //click the first element\n  I.click(\"ul>li>mark\");\n  //check the link is right\n  I.click(\"#searchButton\");\n  I.seeInCurrentUrl(\"/iam.html?taxonname=Picea\")",
      "err": {},
      "isRoot": false,
      "uuid": "1e15f35e-dc1d-4972-af17-f3ed35e6b7ba",
      "parentUUID": "59d57d9d-1233-4463-877f-272577044501",
      "skipped": false
    }
  ],
  "allPending": [],
  "allPasses": [
    {
      "title": "Title",
      "fullTitle": "Landing Page: Title",
      "timedOut": false,
      "duration": 2969,
      "state": "passed",
      "speed": "slow",
      "pass": true,
      "fail": false,
      "pending": false,
      "code": "I.amOnPage('/index.html');\nI.seeInTitle('Ice Age Mapper'); //check that the main title is there",
      "err": {},
      "isRoot": false,
      "uuid": "b6c3e321-6b69-4136-8c0a-940208bcd4df",
      "parentUUID": "59d57d9d-1233-4463-877f-272577044501",
      "skipped": false
    },
    {
      "title": "Check main navigation on landing page",
      "fullTitle": "Landing Page: Check main navigation on landing page",
      "timedOut": false,
      "duration": 4211,
      "state": "passed",
      "speed": "slow",
      "pass": true,
      "fail": false,
      "pending": false,
      "code": "I.amOnPage('/index.html');\nI.seeElement(\"#goToMap\"); //make sure the link is present\nI.click(\"Take me straight to the map\");//click the link\nI.seeInCurrentUrl(\"/iam.html\") //make sure the navigation works",
      "err": {},
      "isRoot": false,
      "uuid": "586b43a3-2e37-40de-a6d8-afe682866955",
      "parentUUID": "59d57d9d-1233-4463-877f-272577044501",
      "skipped": false
    },
    {
      "title": "Check search bar",
      "fullTitle": "Landing Page: Check search bar",
      "timedOut": false,
      "duration": 6551,
      "state": "passed",
      "speed": "slow",
      "pass": true,
      "fail": false,
      "pending": false,
      "code": "function* (I){\n  I.amOnPage('/index.html');\n  I.seeElement(\"#taxaAutocomplete\");\n  I.fillField(\"#taxaAutocomplete\", \"picea\");\n  //check that it autocompletes\n  I.seeElement('li', {'text': \"Picea\"})\n  I.seeElement('li', {'text': \"Picea sp.\"})\n  I.seeElement('li', {'text': \"Picea abies\"})\n  //click the first element\n  I.click(\"ul>li>mark\");\n  //check the link is right\n  I.click(\"#searchButton\");\n  I.seeInCurrentUrl(\"/iam.html?taxonname=Picea\")",
      "err": {},
      "isRoot": false,
      "uuid": "1e15f35e-dc1d-4972-af17-f3ed35e6b7ba",
      "parentUUID": "59d57d9d-1233-4463-877f-272577044501",
      "skipped": false
    }
  ],
  "allFailures": [],
  "copyrightYear": 2017
}