{
  "stats": {
    "suites": 2,
    "tests": 11,
    "passes": 8,
    "pending": 0,
    "failures": 3,
    "start": "2017-03-02T15:02:23.051Z",
    "end": "2017-03-02T15:03:19.002Z",
    "duration": 55951,
    "testsRegistered": 11,
    "passPercent": 72.7,
    "pendingPercent": 0,
    "other": 0,
    "hasOther": false,
    "skipped": 0,
    "hasSkipped": false,
    "passPercentClass": "warning",
    "pendingPercentClass": "danger"
  },
  "suites": {
    "title": "",
    "suites": [
      {
        "title": "Gallery",
        "suites": [],
        "tests": [
          {
            "title": "Check controls",
            "fullTitle": "Gallery: Check controls",
            "timedOut": false,
            "duration": 453,
            "state": "passed",
            "speed": "slow",
            "pass": true,
            "fail": false,
            "pending": false,
            "code": "I.seeElement(\"input.form-control\")\nI.seeElement(\"select.form-control\")\nI.see(\"Menu\")",
            "err": {},
            "isRoot": false,
            "uuid": "6f1c050c-a326-4384-98b4-8612ad1cdd42",
            "parentUUID": "888b0bfe-37d1-42a9-91d8-30824d0ed911",
            "skipped": false
          },
          {
            "title": "Check Navigation",
            "fullTitle": "Gallery: Check Navigation",
            "timedOut": false,
            "duration": 2498,
            "state": "failed",
            "pass": false,
            "fail": true,
            "pending": false,
            "code": "I.click(\"Menu\")\nI.seeElement(\"ul.dropdown-menu\")\nI.see(\"Home\")\nI.see(\"Gallery\")\nI.see(\"Documentation\")\nI.see(\"Interactive Taxonomy\")\nI.click(\"Home\")\nI.seeInCurrentUrl(\"/index.html\")\nI.amOnPage(\"/gallery.html\")\nI.click(\"Menu\")\nI.click(\"Gallery\")\nI.seeInCurrentUrl(\"gallery.html\")\nI.amOnPage(\"/gallery.html\")\nI.click(\"Menu\")\nI.click(\"Documentation\")\nI.seeInCurrentUrl(\"docs.html\")\nI.amOnPage(\"/gallery.html\")\nI.click(\"Menu\")\nI.click(\"Interactive Taxonomy\")\nI.seeInCurrentUrl(\"taxonomy.html\")",
            "err": {
              "name": "NoSuchElementError",
              "estack": "no such element: Unable to locate element: {\"method\":\"css selector\",\"selector\":\"Home\"}\n  (Session info: chrome=56.0.2924.87)\n  (Driver info: chromedriver=2.27.440174 (e97a722caafc2d3a8b807ee115bfb307f7d2cfd9),platform=Mac OS X 10.10.5 x86_64) (WARNING: The server did not provide any stacktrace information)\nCommand duration or timeout: 26 milliseconds\nFor documentation on this error, please visit: http://seleniumhq.org/exceptions/no_such_element.html\nBuild info: version: '3.0.1', revision: '1969d75', time: '2016-10-18 09:48:19 -0700'\nSystem info: host: 'Scotts-MacBook-Air-3.local', ip: '192.168.1.202', os.name: 'Mac OS X', os.arch: 'x86_64', os.version: '10.10.5', java.version: '1.8.0_121'\nDriver info: org.openqa.selenium.chrome.ChromeDriver\nCapabilities [{applicationCacheEnabled=false, rotatable=false, mobileEmulationEnabled=false, networkConnectionEnabled=false, chrome={chromedriverVersion=2.27.440174 (e97a722caafc2d3a8b807ee115bfb307f7d2cfd9), userDataDir=/var/folders/9z/_twb8r017dj48qyffdp9dcg80000gn/T/.org.chromium.Chromium.qBoeHP}, takesHeapSnapshot=true, pageLoadStrategy=normal, databaseEnabled=false, handlesAlerts=true, hasTouchScreen=false, version=56.0.2924.87, platform=MAC, browserConnectionEnabled=false, nativeEvents=true, acceptSslCerts=true, locationContextEnabled=true, webStorageEnabled=true, browserName=chrome, takesScreenshot=true, javascriptEnabled=true, cssSelectorsEnabled=true, unexpectedAlertBehaviour=}]\nSession ID: b6aec91cd207413826a367652152614f\n*** Element info: {Using=css selector, value=Home}\n\nScenario Steps:\n\n- I.seeInCurrentUrl(\"taxonomy.html\") at Test.Scenario (/Users/scottsfarley/Documents/IceAgeMapper/tests/gallery_test.js:34:5)\n- I.click(\"Interactive Taxonomy\") at Test.Scenario (/Users/scottsfarley/Documents/IceAgeMapper/tests/gallery_test.js:33:5)\n- I.click(\"Menu\") at Test.Scenario (/Users/scottsfarley/Documents/IceAgeMapper/tests/gallery_test.js:32:5)\n- I.amOnPage(\"/gallery.html\") at Test.Scenario (/Users/scottsfarley/Documents/IceAgeMapper/tests/gallery_test.js:31:5)\n- I.seeInCurrentUrl(\"docs.html\") at Test.Scenario (/Users/scottsfarley/Documents/IceAgeMapper/tests/gallery_test.js:30:5)\n- I.click(\"Documentation\") at Test.Scenario (/Users/scottsfarley/Documents/IceAgeMapper/tests/gallery_test.js:29:5)\n- I.click(\"Menu\") at Test.Scenario (/Users/scottsfarley/Documents/IceAgeMapper/tests/gallery_test.js:28:5)\n- I.amOnPage(\"/gallery.html\") at Test.Scenario (/Users/scottsfarley/Documents/IceAgeMapper/tests/gallery_test.js:27:5)\n- I.seeInCurrentUrl(\"gallery.html\") at Test.Scenario (/Users/scottsfarley/Documents/IceAgeMapper/tests/gallery_test.js:26:5)\n- I.click(\"Gallery\") at Test.Scenario (/Users/scottsfarley/Documents/IceAgeMapper/tests/gallery_test.js:25:5)\n- I.click(\"Menu\") at Test.Scenario (/Users/scottsfarley/Documents/IceAgeMapper/tests/gallery_test.js:24:5)\n- I.amOnPage(\"/gallery.html\") at Test.Scenario (/Users/scottsfarley/Documents/IceAgeMapper/tests/gallery_test.js:23:5)\n- I.seeInCurrentUrl(\"/index.html\") at Test.Scenario (/Users/scottsfarley/Documents/IceAgeMapper/tests/gallery_test.js:22:5)\n- I.click(\"Home\") at Test.Scenario (/Users/scottsfarley/Documents/IceAgeMapper/tests/gallery_test.js:21:5)\n- I.see(\"Interactive Taxonomy\") at Test.Scenario (/Users/scottsfarley/Documents/IceAgeMapper/tests/gallery_test.js:20:5)\n- I.see(\"Documentation\") at Test.Scenario (/Users/scottsfarley/Documents/IceAgeMapper/tests/gallery_test.js:19:5)\n- I.see(\"Gallery\") at Test.Scenario (/Users/scottsfarley/Documents/IceAgeMapper/tests/gallery_test.js:18:5)\n- I.see(\"Home\") at Test.Scenario (/Users/scottsfarley/Documents/IceAgeMapper/tests/gallery_test.js:17:5)\n- I.seeElement(\"ul.dropdown-menu\") at Test.Scenario (/Users/scottsfarley/Documents/IceAgeMapper/tests/gallery_test.js:16:5)\n- I.click(\"Menu\") at Test.Scenario (/Users/scottsfarley/Documents/IceAgeMapper/tests/gallery_test.js:15:5)\n\n"
            },
            "isRoot": false,
            "uuid": "8a84bcbe-0203-4a04-96c6-c12c9cd77a38",
            "parentUUID": "888b0bfe-37d1-42a9-91d8-30824d0ed911",
            "skipped": false
          },
          {
            "title": "Check dropdown",
            "fullTitle": "Gallery: Check dropdown",
            "timedOut": false,
            "duration": 639,
            "state": "passed",
            "speed": "slow",
            "pass": true,
            "fail": false,
            "pending": false,
            "code": "I.seeElement(\"select.form-control\")\nI.click(\"select.form-control\")\nI.see(\"Newest\")\nI.see(\"Title\")\nI.see(\"Organization\")",
            "err": {},
            "isRoot": false,
            "uuid": "b7b2912d-5ec8-4292-8a4c-efeb30e7b3be",
            "parentUUID": "888b0bfe-37d1-42a9-91d8-30824d0ed911",
            "skipped": false
          },
          {
            "title": "Check gallery items",
            "fullTitle": "Gallery: Check gallery items",
            "timedOut": false,
            "duration": 753,
            "state": "failed",
            "pass": false,
            "fail": true,
            "pending": false,
            "code": "I.seeElement(\".gallery-item\")\nI.click(\".gallery-item\")\nI.seeInCurrentUrl(\"iam.html?shareToken=\")",
            "err": {
              "params": {
                "subject": "elements",
                "customMessage": "",
                "type": "not to be empty",
                "actual": [],
                "value": "[]",
                "expected": []
              },
              "template": "{{customMessage}}expected {{subject}} '{{value}}' {{type}}",
              "stack": "expected elements '[]' not to be empty\n\nScenario Steps:\n\n- I.seeInCurrentUrl(\"iam.html?shareToken=\") at Test.Scenario (/Users/scottsfarley/Documents/IceAgeMapper/tests/gallery_test.js:48:5)\n- I.click(\".gallery-item\") at Test.Scenario (/Users/scottsfarley/Documents/IceAgeMapper/tests/gallery_test.js:47:5)\n- I.seeElement(\".gallery-item\") at Test.Scenario (/Users/scottsfarley/Documents/IceAgeMapper/tests/gallery_test.js:46:5)\n\n",
              "showDiff": true,
              "actual": "[]",
              "expected": "[]",
              "message": "expected elements '[]' not to be empty",
              "estack": "expected elements '[]' not to be empty\n\nScenario Steps:\n\n- I.seeInCurrentUrl(\"iam.html?shareToken=\") at Test.Scenario (/Users/scottsfarley/Documents/IceAgeMapper/tests/gallery_test.js:48:5)\n- I.click(\".gallery-item\") at Test.Scenario (/Users/scottsfarley/Documents/IceAgeMapper/tests/gallery_test.js:47:5)\n- I.seeElement(\".gallery-item\") at Test.Scenario (/Users/scottsfarley/Documents/IceAgeMapper/tests/gallery_test.js:46:5)\n\n",
              "diff": ""
            },
            "isRoot": false,
            "uuid": "d8d88d77-92c0-4abc-88d6-ffdf9a9e3727",
            "parentUUID": "888b0bfe-37d1-42a9-91d8-30824d0ed911",
            "skipped": false
          }
        ],
        "pending": [],
        "root": false,
        "_timeout": 0,
        "file": "/gallery_test.js",
        "uuid": "888b0bfe-37d1-42a9-91d8-30824d0ed911",
        "fullFile": "/Users/scottsfarley/Documents/iceagemapper/tests/gallery_test.js",
        "passes": [
          {
            "title": "Check controls",
            "fullTitle": "Gallery: Check controls",
            "timedOut": false,
            "duration": 453,
            "state": "passed",
            "speed": "slow",
            "pass": true,
            "fail": false,
            "pending": false,
            "code": "I.seeElement(\"input.form-control\")\nI.seeElement(\"select.form-control\")\nI.see(\"Menu\")",
            "err": {},
            "isRoot": false,
            "uuid": "6f1c050c-a326-4384-98b4-8612ad1cdd42",
            "parentUUID": "888b0bfe-37d1-42a9-91d8-30824d0ed911",
            "skipped": false
          },
          {
            "title": "Check dropdown",
            "fullTitle": "Gallery: Check dropdown",
            "timedOut": false,
            "duration": 639,
            "state": "passed",
            "speed": "slow",
            "pass": true,
            "fail": false,
            "pending": false,
            "code": "I.seeElement(\"select.form-control\")\nI.click(\"select.form-control\")\nI.see(\"Newest\")\nI.see(\"Title\")\nI.see(\"Organization\")",
            "err": {},
            "isRoot": false,
            "uuid": "b7b2912d-5ec8-4292-8a4c-efeb30e7b3be",
            "parentUUID": "888b0bfe-37d1-42a9-91d8-30824d0ed911",
            "skipped": false
          }
        ],
        "failures": [
          {
            "title": "Check Navigation",
            "fullTitle": "Gallery: Check Navigation",
            "timedOut": false,
            "duration": 2498,
            "state": "failed",
            "pass": false,
            "fail": true,
            "pending": false,
            "code": "I.click(\"Menu\")\nI.seeElement(\"ul.dropdown-menu\")\nI.see(\"Home\")\nI.see(\"Gallery\")\nI.see(\"Documentation\")\nI.see(\"Interactive Taxonomy\")\nI.click(\"Home\")\nI.seeInCurrentUrl(\"/index.html\")\nI.amOnPage(\"/gallery.html\")\nI.click(\"Menu\")\nI.click(\"Gallery\")\nI.seeInCurrentUrl(\"gallery.html\")\nI.amOnPage(\"/gallery.html\")\nI.click(\"Menu\")\nI.click(\"Documentation\")\nI.seeInCurrentUrl(\"docs.html\")\nI.amOnPage(\"/gallery.html\")\nI.click(\"Menu\")\nI.click(\"Interactive Taxonomy\")\nI.seeInCurrentUrl(\"taxonomy.html\")",
            "err": {
              "name": "NoSuchElementError",
              "estack": "no such element: Unable to locate element: {\"method\":\"css selector\",\"selector\":\"Home\"}\n  (Session info: chrome=56.0.2924.87)\n  (Driver info: chromedriver=2.27.440174 (e97a722caafc2d3a8b807ee115bfb307f7d2cfd9),platform=Mac OS X 10.10.5 x86_64) (WARNING: The server did not provide any stacktrace information)\nCommand duration or timeout: 26 milliseconds\nFor documentation on this error, please visit: http://seleniumhq.org/exceptions/no_such_element.html\nBuild info: version: '3.0.1', revision: '1969d75', time: '2016-10-18 09:48:19 -0700'\nSystem info: host: 'Scotts-MacBook-Air-3.local', ip: '192.168.1.202', os.name: 'Mac OS X', os.arch: 'x86_64', os.version: '10.10.5', java.version: '1.8.0_121'\nDriver info: org.openqa.selenium.chrome.ChromeDriver\nCapabilities [{applicationCacheEnabled=false, rotatable=false, mobileEmulationEnabled=false, networkConnectionEnabled=false, chrome={chromedriverVersion=2.27.440174 (e97a722caafc2d3a8b807ee115bfb307f7d2cfd9), userDataDir=/var/folders/9z/_twb8r017dj48qyffdp9dcg80000gn/T/.org.chromium.Chromium.qBoeHP}, takesHeapSnapshot=true, pageLoadStrategy=normal, databaseEnabled=false, handlesAlerts=true, hasTouchScreen=false, version=56.0.2924.87, platform=MAC, browserConnectionEnabled=false, nativeEvents=true, acceptSslCerts=true, locationContextEnabled=true, webStorageEnabled=true, browserName=chrome, takesScreenshot=true, javascriptEnabled=true, cssSelectorsEnabled=true, unexpectedAlertBehaviour=}]\nSession ID: b6aec91cd207413826a367652152614f\n*** Element info: {Using=css selector, value=Home}\n\nScenario Steps:\n\n- I.seeInCurrentUrl(\"taxonomy.html\") at Test.Scenario (/Users/scottsfarley/Documents/IceAgeMapper/tests/gallery_test.js:34:5)\n- I.click(\"Interactive Taxonomy\") at Test.Scenario (/Users/scottsfarley/Documents/IceAgeMapper/tests/gallery_test.js:33:5)\n- I.click(\"Menu\") at Test.Scenario (/Users/scottsfarley/Documents/IceAgeMapper/tests/gallery_test.js:32:5)\n- I.amOnPage(\"/gallery.html\") at Test.Scenario (/Users/scottsfarley/Documents/IceAgeMapper/tests/gallery_test.js:31:5)\n- I.seeInCurrentUrl(\"docs.html\") at Test.Scenario (/Users/scottsfarley/Documents/IceAgeMapper/tests/gallery_test.js:30:5)\n- I.click(\"Documentation\") at Test.Scenario (/Users/scottsfarley/Documents/IceAgeMapper/tests/gallery_test.js:29:5)\n- I.click(\"Menu\") at Test.Scenario (/Users/scottsfarley/Documents/IceAgeMapper/tests/gallery_test.js:28:5)\n- I.amOnPage(\"/gallery.html\") at Test.Scenario (/Users/scottsfarley/Documents/IceAgeMapper/tests/gallery_test.js:27:5)\n- I.seeInCurrentUrl(\"gallery.html\") at Test.Scenario (/Users/scottsfarley/Documents/IceAgeMapper/tests/gallery_test.js:26:5)\n- I.click(\"Gallery\") at Test.Scenario (/Users/scottsfarley/Documents/IceAgeMapper/tests/gallery_test.js:25:5)\n- I.click(\"Menu\") at Test.Scenario (/Users/scottsfarley/Documents/IceAgeMapper/tests/gallery_test.js:24:5)\n- I.amOnPage(\"/gallery.html\") at Test.Scenario (/Users/scottsfarley/Documents/IceAgeMapper/tests/gallery_test.js:23:5)\n- I.seeInCurrentUrl(\"/index.html\") at Test.Scenario (/Users/scottsfarley/Documents/IceAgeMapper/tests/gallery_test.js:22:5)\n- I.click(\"Home\") at Test.Scenario (/Users/scottsfarley/Documents/IceAgeMapper/tests/gallery_test.js:21:5)\n- I.see(\"Interactive Taxonomy\") at Test.Scenario (/Users/scottsfarley/Documents/IceAgeMapper/tests/gallery_test.js:20:5)\n- I.see(\"Documentation\") at Test.Scenario (/Users/scottsfarley/Documents/IceAgeMapper/tests/gallery_test.js:19:5)\n- I.see(\"Gallery\") at Test.Scenario (/Users/scottsfarley/Documents/IceAgeMapper/tests/gallery_test.js:18:5)\n- I.see(\"Home\") at Test.Scenario (/Users/scottsfarley/Documents/IceAgeMapper/tests/gallery_test.js:17:5)\n- I.seeElement(\"ul.dropdown-menu\") at Test.Scenario (/Users/scottsfarley/Documents/IceAgeMapper/tests/gallery_test.js:16:5)\n- I.click(\"Menu\") at Test.Scenario (/Users/scottsfarley/Documents/IceAgeMapper/tests/gallery_test.js:15:5)\n\n"
            },
            "isRoot": false,
            "uuid": "8a84bcbe-0203-4a04-96c6-c12c9cd77a38",
            "parentUUID": "888b0bfe-37d1-42a9-91d8-30824d0ed911",
            "skipped": false
          },
          {
            "title": "Check gallery items",
            "fullTitle": "Gallery: Check gallery items",
            "timedOut": false,
            "duration": 753,
            "state": "failed",
            "pass": false,
            "fail": true,
            "pending": false,
            "code": "I.seeElement(\".gallery-item\")\nI.click(\".gallery-item\")\nI.seeInCurrentUrl(\"iam.html?shareToken=\")",
            "err": {
              "params": {
                "subject": "elements",
                "customMessage": "",
                "type": "not to be empty",
                "actual": [],
                "value": "[]",
                "expected": []
              },
              "template": "{{customMessage}}expected {{subject}} '{{value}}' {{type}}",
              "stack": "expected elements '[]' not to be empty\n\nScenario Steps:\n\n- I.seeInCurrentUrl(\"iam.html?shareToken=\") at Test.Scenario (/Users/scottsfarley/Documents/IceAgeMapper/tests/gallery_test.js:48:5)\n- I.click(\".gallery-item\") at Test.Scenario (/Users/scottsfarley/Documents/IceAgeMapper/tests/gallery_test.js:47:5)\n- I.seeElement(\".gallery-item\") at Test.Scenario (/Users/scottsfarley/Documents/IceAgeMapper/tests/gallery_test.js:46:5)\n\n",
              "showDiff": true,
              "actual": "[]",
              "expected": "[]",
              "message": "expected elements '[]' not to be empty",
              "estack": "expected elements '[]' not to be empty\n\nScenario Steps:\n\n- I.seeInCurrentUrl(\"iam.html?shareToken=\") at Test.Scenario (/Users/scottsfarley/Documents/IceAgeMapper/tests/gallery_test.js:48:5)\n- I.click(\".gallery-item\") at Test.Scenario (/Users/scottsfarley/Documents/IceAgeMapper/tests/gallery_test.js:47:5)\n- I.seeElement(\".gallery-item\") at Test.Scenario (/Users/scottsfarley/Documents/IceAgeMapper/tests/gallery_test.js:46:5)\n\n",
              "diff": ""
            },
            "isRoot": false,
            "uuid": "d8d88d77-92c0-4abc-88d6-ffdf9a9e3727",
            "parentUUID": "888b0bfe-37d1-42a9-91d8-30824d0ed911",
            "skipped": false
          }
        ],
        "skipped": [],
        "hasTests": true,
        "hasSuites": false,
        "totalTests": 4,
        "totalPasses": 2,
        "totalFailures": 2,
        "totalPending": 0,
        "totalSkipped": 0,
        "hasPasses": true,
        "hasFailures": true,
        "hasPending": false,
        "hasSkipped": false,
        "duration": 4343,
        "rootEmpty": false
      },
      {
        "title": "Landing Page",
        "suites": [],
        "tests": [
          {
            "title": "Title",
            "fullTitle": "Landing Page: Title",
            "timedOut": false,
            "duration": 2495,
            "state": "passed",
            "speed": "slow",
            "pass": true,
            "fail": false,
            "pending": false,
            "code": "I.amOnPage('/index.html');\nI.seeInTitle('Ice Age Mapper'); //check that the main title is there",
            "err": {},
            "isRoot": false,
            "uuid": "e4f8fe40-f004-47bf-9351-c02ecf7f1556",
            "parentUUID": "16d73722-8de3-4630-9dc1-3d4bf88c65fb",
            "skipped": false
          },
          {
            "title": "Check navigation to main map",
            "fullTitle": "Landing Page: Check navigation to main map",
            "timedOut": false,
            "duration": 4364,
            "state": "passed",
            "speed": "slow",
            "pass": true,
            "fail": false,
            "pending": false,
            "code": "I.amOnPage('/index.html');\nI.seeElement(\"#goToMap\"); //make sure the link is present\nI.click(\"Take me straight to the map\");//click the link\nI.seeInCurrentUrl(\"/iam.html\") //make sure the navigation works",
            "err": {},
            "isRoot": false,
            "uuid": "aec7b5f8-be96-4324-8917-3bfc9c14ca57",
            "parentUUID": "16d73722-8de3-4630-9dc1-3d4bf88c65fb",
            "skipped": false
          },
          {
            "title": "Check search bar",
            "fullTitle": "Landing Page: Check search bar",
            "timedOut": false,
            "duration": 6107,
            "state": "passed",
            "speed": "slow",
            "pass": true,
            "fail": false,
            "pending": false,
            "code": "function* (I){\n  I.amOnPage('/index.html');\n  I.seeElement(\"#taxaAutocomplete\");\n  I.fillField(\"#taxaAutocomplete\", \"picea\");\n  //check that it autocompletes\n  I.seeElement('li', {'text': \"Picea\"})\n  I.seeElement('li', {'text': \"Picea sp.\"})\n  I.seeElement('li', {'text': \"Picea abies\"})\n  //click the first element\n  I.click(\"ul>li>mark\");\n  //check the link is right\n  I.click(\"#searchButton\");\n  I.seeInCurrentUrl(\"/iam.html?taxonname=Picea\")",
            "err": {},
            "isRoot": false,
            "uuid": "a1c2228b-a3c9-4f25-91c5-2fed3f8fcd57",
            "parentUUID": "16d73722-8de3-4630-9dc1-3d4bf88c65fb",
            "skipped": false
          },
          {
            "title": "Check Navigation to Gallery",
            "fullTitle": "Landing Page: Check Navigation to Gallery",
            "timedOut": false,
            "duration": 4242,
            "state": "passed",
            "speed": "slow",
            "pass": true,
            "fail": false,
            "pending": false,
            "code": "I.amOnPage(\"/index.html\");\nI.seeElement(\"#goToGallery\");\nI.click(\"#goToGallery\");\nI.seeInCurrentUrl(\"/gallery.html\")",
            "err": {},
            "isRoot": false,
            "uuid": "bc09c4f3-685c-4e41-8cc4-cefd72800a6b",
            "parentUUID": "16d73722-8de3-4630-9dc1-3d4bf88c65fb",
            "skipped": false
          },
          {
            "title": "Check Navigation to Taxonomy",
            "fullTitle": "Landing Page: Check Navigation to Taxonomy",
            "timedOut": false,
            "duration": 3487,
            "state": "passed",
            "speed": "slow",
            "pass": true,
            "fail": false,
            "pending": false,
            "code": "I.amOnPage(\"/index.html\");\nI.seeElement(\"#goToTaxonomy\");\nI.click(\"#goToTaxonomy\");\nI.seeInCurrentUrl(\"/taxonomy.html\")",
            "err": {},
            "isRoot": false,
            "uuid": "0e9d1a38-a9d3-4964-bd03-0b68e3b63cbb",
            "parentUUID": "16d73722-8de3-4630-9dc1-3d4bf88c65fb",
            "skipped": false
          },
          {
            "title": "Check Social Links",
            "fullTitle": "Landing Page: Check Social Links",
            "timedOut": false,
            "duration": 9671,
            "state": "passed",
            "speed": "slow",
            "pass": true,
            "fail": false,
            "pending": false,
            "code": "I.amOnPage(\"/index.html\");\nI.seeElement(\"ul.banner-social-buttons\");\nI.click(\"ul.banner-social-buttons>li:nth-child(1)\");\nI.seeInCurrentUrl(\"twitter.com\")\nI.amOnPage(\"/index.html\");\nI.click(\"ul.banner-social-buttons>li:nth-child(2)\");\nI.seeInCurrentUrl(\"github.com\")\nI.amOnPage(\"/index.html\");\nI.click(\"ul.banner-social-buttons>li:nth-child(3)\");\nI.seeInCurrentUrl(\"github.io\")",
            "err": {},
            "isRoot": false,
            "uuid": "e83ce82f-b068-431c-b141-488fd4c1bc4c",
            "parentUUID": "16d73722-8de3-4630-9dc1-3d4bf88c65fb",
            "skipped": false
          },
          {
            "title": "Check Ecological Group Dropdown",
            "fullTitle": "Landing Page: Check Ecological Group Dropdown",
            "timedOut": false,
            "duration": 4656,
            "state": "failed",
            "pass": false,
            "fail": true,
            "pending": false,
            "code": "I.amOnPage(\"/index.html\");\nI.seeElement(\"select#ecolGroupSelect\");\nI.selectOption(\"select#ecolGroupSelect\", \"Aves\")\nI.see(\"Aves\");\nI.see(\"cf. Aves\")\nI.see(\"Aves sp.\")\nI.see(\"Aves spp.\")\nI.selectOption(\"select#taxonSelect\", \"Aves spp.\")\nI.seeInCurrentUrl(\"?taxonid=19648\")",
            "err": {
              "params": {
                "jar": "url",
                "customMessage": "",
                "type": "to include",
                "needle": "?taxonid=19648",
                "haystack": "http://localhost:8000/index.html"
              },
              "template": "{{customMessage}}expected {{jar}} {{type}} \"{{needle}}\"",
              "stack": "expected url to include \"?taxonid=19648\"\n\nScenario Steps:\n\n- I.seeInCurrentUrl(\"?taxonid=19648\") at Test.Scenario (/Users/scottsfarley/Documents/IceAgeMapper/tests/index_test.js:67:5)\n- I.selectOption(\"select#taxonSelect\", \"Aves spp.\") at Test.Scenario (/Users/scottsfarley/Documents/IceAgeMapper/tests/index_test.js:66:5)\n- I.see(\"Aves spp.\") at Test.Scenario (/Users/scottsfarley/Documents/IceAgeMapper/tests/index_test.js:65:5)\n- I.see(\"Aves sp.\") at Test.Scenario (/Users/scottsfarley/Documents/IceAgeMapper/tests/index_test.js:64:5)\n- I.see(\"cf. Aves\") at Test.Scenario (/Users/scottsfarley/Documents/IceAgeMapper/tests/index_test.js:63:5)\n- I.see(\"Aves\") at Test.Scenario (/Users/scottsfarley/Documents/IceAgeMapper/tests/index_test.js:62:5)\n- I.selectOption(\"select#ecolGroupSelect\", \"Aves\") at Test.Scenario (/Users/scottsfarley/Documents/IceAgeMapper/tests/index_test.js:61:5)\n- I.seeElement(\"select#ecolGroupSelect\") at Test.Scenario (/Users/scottsfarley/Documents/IceAgeMapper/tests/index_test.js:60:5)\n- I.amOnPage(\"/index.html\") at Test.Scenario (/Users/scottsfarley/Documents/IceAgeMapper/tests/index_test.js:59:5)\n\n",
              "showDiff": true,
              "actual": "http://localhost:8000/index.html",
              "expected": "?taxonid=19648",
              "message": "expected url to include \"?taxonid=19648\"",
              "estack": "expected url to include \"?taxonid=19648\"\n\nScenario Steps:\n\n- I.seeInCurrentUrl(\"?taxonid=19648\") at Test.Scenario (/Users/scottsfarley/Documents/IceAgeMapper/tests/index_test.js:67:5)\n- I.selectOption(\"select#taxonSelect\", \"Aves spp.\") at Test.Scenario (/Users/scottsfarley/Documents/IceAgeMapper/tests/index_test.js:66:5)\n- I.see(\"Aves spp.\") at Test.Scenario (/Users/scottsfarley/Documents/IceAgeMapper/tests/index_test.js:65:5)\n- I.see(\"Aves sp.\") at Test.Scenario (/Users/scottsfarley/Documents/IceAgeMapper/tests/index_test.js:64:5)\n- I.see(\"cf. Aves\") at Test.Scenario (/Users/scottsfarley/Documents/IceAgeMapper/tests/index_test.js:63:5)\n- I.see(\"Aves\") at Test.Scenario (/Users/scottsfarley/Documents/IceAgeMapper/tests/index_test.js:62:5)\n- I.selectOption(\"select#ecolGroupSelect\", \"Aves\") at Test.Scenario (/Users/scottsfarley/Documents/IceAgeMapper/tests/index_test.js:61:5)\n- I.seeElement(\"select#ecolGroupSelect\") at Test.Scenario (/Users/scottsfarley/Documents/IceAgeMapper/tests/index_test.js:60:5)\n- I.amOnPage(\"/index.html\") at Test.Scenario (/Users/scottsfarley/Documents/IceAgeMapper/tests/index_test.js:59:5)\n\n",
              "diff": "- http://localhost:8000/index.html\n+ ?taxonid=19648\n"
            },
            "isRoot": false,
            "uuid": "8a70205f-066b-425f-96a5-dd5fa8ca9b6a",
            "parentUUID": "16d73722-8de3-4630-9dc1-3d4bf88c65fb",
            "skipped": false
          }
        ],
        "pending": [],
        "root": false,
        "_timeout": 0,
        "file": "/index_test.js",
        "uuid": "16d73722-8de3-4630-9dc1-3d4bf88c65fb",
        "fullFile": "/Users/scottsfarley/Documents/iceagemapper/tests/index_test.js",
        "passes": [
          {
            "title": "Title",
            "fullTitle": "Landing Page: Title",
            "timedOut": false,
            "duration": 2495,
            "state": "passed",
            "speed": "slow",
            "pass": true,
            "fail": false,
            "pending": false,
            "code": "I.amOnPage('/index.html');\nI.seeInTitle('Ice Age Mapper'); //check that the main title is there",
            "err": {},
            "isRoot": false,
            "uuid": "e4f8fe40-f004-47bf-9351-c02ecf7f1556",
            "parentUUID": "16d73722-8de3-4630-9dc1-3d4bf88c65fb",
            "skipped": false
          },
          {
            "title": "Check navigation to main map",
            "fullTitle": "Landing Page: Check navigation to main map",
            "timedOut": false,
            "duration": 4364,
            "state": "passed",
            "speed": "slow",
            "pass": true,
            "fail": false,
            "pending": false,
            "code": "I.amOnPage('/index.html');\nI.seeElement(\"#goToMap\"); //make sure the link is present\nI.click(\"Take me straight to the map\");//click the link\nI.seeInCurrentUrl(\"/iam.html\") //make sure the navigation works",
            "err": {},
            "isRoot": false,
            "uuid": "aec7b5f8-be96-4324-8917-3bfc9c14ca57",
            "parentUUID": "16d73722-8de3-4630-9dc1-3d4bf88c65fb",
            "skipped": false
          },
          {
            "title": "Check search bar",
            "fullTitle": "Landing Page: Check search bar",
            "timedOut": false,
            "duration": 6107,
            "state": "passed",
            "speed": "slow",
            "pass": true,
            "fail": false,
            "pending": false,
            "code": "function* (I){\n  I.amOnPage('/index.html');\n  I.seeElement(\"#taxaAutocomplete\");\n  I.fillField(\"#taxaAutocomplete\", \"picea\");\n  //check that it autocompletes\n  I.seeElement('li', {'text': \"Picea\"})\n  I.seeElement('li', {'text': \"Picea sp.\"})\n  I.seeElement('li', {'text': \"Picea abies\"})\n  //click the first element\n  I.click(\"ul>li>mark\");\n  //check the link is right\n  I.click(\"#searchButton\");\n  I.seeInCurrentUrl(\"/iam.html?taxonname=Picea\")",
            "err": {},
            "isRoot": false,
            "uuid": "a1c2228b-a3c9-4f25-91c5-2fed3f8fcd57",
            "parentUUID": "16d73722-8de3-4630-9dc1-3d4bf88c65fb",
            "skipped": false
          },
          {
            "title": "Check Navigation to Gallery",
            "fullTitle": "Landing Page: Check Navigation to Gallery",
            "timedOut": false,
            "duration": 4242,
            "state": "passed",
            "speed": "slow",
            "pass": true,
            "fail": false,
            "pending": false,
            "code": "I.amOnPage(\"/index.html\");\nI.seeElement(\"#goToGallery\");\nI.click(\"#goToGallery\");\nI.seeInCurrentUrl(\"/gallery.html\")",
            "err": {},
            "isRoot": false,
            "uuid": "bc09c4f3-685c-4e41-8cc4-cefd72800a6b",
            "parentUUID": "16d73722-8de3-4630-9dc1-3d4bf88c65fb",
            "skipped": false
          },
          {
            "title": "Check Navigation to Taxonomy",
            "fullTitle": "Landing Page: Check Navigation to Taxonomy",
            "timedOut": false,
            "duration": 3487,
            "state": "passed",
            "speed": "slow",
            "pass": true,
            "fail": false,
            "pending": false,
            "code": "I.amOnPage(\"/index.html\");\nI.seeElement(\"#goToTaxonomy\");\nI.click(\"#goToTaxonomy\");\nI.seeInCurrentUrl(\"/taxonomy.html\")",
            "err": {},
            "isRoot": false,
            "uuid": "0e9d1a38-a9d3-4964-bd03-0b68e3b63cbb",
            "parentUUID": "16d73722-8de3-4630-9dc1-3d4bf88c65fb",
            "skipped": false
          },
          {
            "title": "Check Social Links",
            "fullTitle": "Landing Page: Check Social Links",
            "timedOut": false,
            "duration": 9671,
            "state": "passed",
            "speed": "slow",
            "pass": true,
            "fail": false,
            "pending": false,
            "code": "I.amOnPage(\"/index.html\");\nI.seeElement(\"ul.banner-social-buttons\");\nI.click(\"ul.banner-social-buttons>li:nth-child(1)\");\nI.seeInCurrentUrl(\"twitter.com\")\nI.amOnPage(\"/index.html\");\nI.click(\"ul.banner-social-buttons>li:nth-child(2)\");\nI.seeInCurrentUrl(\"github.com\")\nI.amOnPage(\"/index.html\");\nI.click(\"ul.banner-social-buttons>li:nth-child(3)\");\nI.seeInCurrentUrl(\"github.io\")",
            "err": {},
            "isRoot": false,
            "uuid": "e83ce82f-b068-431c-b141-488fd4c1bc4c",
            "parentUUID": "16d73722-8de3-4630-9dc1-3d4bf88c65fb",
            "skipped": false
          }
        ],
        "failures": [
          {
            "title": "Check Ecological Group Dropdown",
            "fullTitle": "Landing Page: Check Ecological Group Dropdown",
            "timedOut": false,
            "duration": 4656,
            "state": "failed",
            "pass": false,
            "fail": true,
            "pending": false,
            "code": "I.amOnPage(\"/index.html\");\nI.seeElement(\"select#ecolGroupSelect\");\nI.selectOption(\"select#ecolGroupSelect\", \"Aves\")\nI.see(\"Aves\");\nI.see(\"cf. Aves\")\nI.see(\"Aves sp.\")\nI.see(\"Aves spp.\")\nI.selectOption(\"select#taxonSelect\", \"Aves spp.\")\nI.seeInCurrentUrl(\"?taxonid=19648\")",
            "err": {
              "params": {
                "jar": "url",
                "customMessage": "",
                "type": "to include",
                "needle": "?taxonid=19648",
                "haystack": "http://localhost:8000/index.html"
              },
              "template": "{{customMessage}}expected {{jar}} {{type}} \"{{needle}}\"",
              "stack": "expected url to include \"?taxonid=19648\"\n\nScenario Steps:\n\n- I.seeInCurrentUrl(\"?taxonid=19648\") at Test.Scenario (/Users/scottsfarley/Documents/IceAgeMapper/tests/index_test.js:67:5)\n- I.selectOption(\"select#taxonSelect\", \"Aves spp.\") at Test.Scenario (/Users/scottsfarley/Documents/IceAgeMapper/tests/index_test.js:66:5)\n- I.see(\"Aves spp.\") at Test.Scenario (/Users/scottsfarley/Documents/IceAgeMapper/tests/index_test.js:65:5)\n- I.see(\"Aves sp.\") at Test.Scenario (/Users/scottsfarley/Documents/IceAgeMapper/tests/index_test.js:64:5)\n- I.see(\"cf. Aves\") at Test.Scenario (/Users/scottsfarley/Documents/IceAgeMapper/tests/index_test.js:63:5)\n- I.see(\"Aves\") at Test.Scenario (/Users/scottsfarley/Documents/IceAgeMapper/tests/index_test.js:62:5)\n- I.selectOption(\"select#ecolGroupSelect\", \"Aves\") at Test.Scenario (/Users/scottsfarley/Documents/IceAgeMapper/tests/index_test.js:61:5)\n- I.seeElement(\"select#ecolGroupSelect\") at Test.Scenario (/Users/scottsfarley/Documents/IceAgeMapper/tests/index_test.js:60:5)\n- I.amOnPage(\"/index.html\") at Test.Scenario (/Users/scottsfarley/Documents/IceAgeMapper/tests/index_test.js:59:5)\n\n",
              "showDiff": true,
              "actual": "http://localhost:8000/index.html",
              "expected": "?taxonid=19648",
              "message": "expected url to include \"?taxonid=19648\"",
              "estack": "expected url to include \"?taxonid=19648\"\n\nScenario Steps:\n\n- I.seeInCurrentUrl(\"?taxonid=19648\") at Test.Scenario (/Users/scottsfarley/Documents/IceAgeMapper/tests/index_test.js:67:5)\n- I.selectOption(\"select#taxonSelect\", \"Aves spp.\") at Test.Scenario (/Users/scottsfarley/Documents/IceAgeMapper/tests/index_test.js:66:5)\n- I.see(\"Aves spp.\") at Test.Scenario (/Users/scottsfarley/Documents/IceAgeMapper/tests/index_test.js:65:5)\n- I.see(\"Aves sp.\") at Test.Scenario (/Users/scottsfarley/Documents/IceAgeMapper/tests/index_test.js:64:5)\n- I.see(\"cf. Aves\") at Test.Scenario (/Users/scottsfarley/Documents/IceAgeMapper/tests/index_test.js:63:5)\n- I.see(\"Aves\") at Test.Scenario (/Users/scottsfarley/Documents/IceAgeMapper/tests/index_test.js:62:5)\n- I.selectOption(\"select#ecolGroupSelect\", \"Aves\") at Test.Scenario (/Users/scottsfarley/Documents/IceAgeMapper/tests/index_test.js:61:5)\n- I.seeElement(\"select#ecolGroupSelect\") at Test.Scenario (/Users/scottsfarley/Documents/IceAgeMapper/tests/index_test.js:60:5)\n- I.amOnPage(\"/index.html\") at Test.Scenario (/Users/scottsfarley/Documents/IceAgeMapper/tests/index_test.js:59:5)\n\n",
              "diff": "- http://localhost:8000/index.html\n+ ?taxonid=19648\n"
            },
            "isRoot": false,
            "uuid": "8a70205f-066b-425f-96a5-dd5fa8ca9b6a",
            "parentUUID": "16d73722-8de3-4630-9dc1-3d4bf88c65fb",
            "skipped": false
          }
        ],
        "skipped": [],
        "hasTests": true,
        "hasSuites": false,
        "totalTests": 7,
        "totalPasses": 6,
        "totalFailures": 1,
        "totalPending": 0,
        "totalSkipped": 0,
        "hasPasses": true,
        "hasFailures": true,
        "hasPending": false,
        "hasSkipped": false,
        "duration": 35022,
        "rootEmpty": false
      }
    ],
    "tests": [],
    "pending": [],
    "root": true,
    "_timeout": 0,
    "uuid": "ffbc378c-44c5-4b2d-80bd-d4c4d13cb19f",
    "fullFile": "",
    "file": "",
    "passes": [],
    "failures": [],
    "skipped": [],
    "hasTests": false,
    "hasSuites": true,
    "totalTests": 0,
    "totalPasses": 0,
    "totalFailures": 0,
    "totalPending": 0,
    "totalSkipped": 0,
    "hasPasses": false,
    "hasFailures": false,
    "hasPending": false,
    "hasSkipped": false,
    "duration": 0,
    "rootEmpty": true
  },
  "allTests": [
    {
      "title": "Check controls",
      "fullTitle": "Gallery: Check controls",
      "timedOut": false,
      "duration": 453,
      "state": "passed",
      "speed": "slow",
      "pass": true,
      "fail": false,
      "pending": false,
      "code": "I.seeElement(\"input.form-control\")\nI.seeElement(\"select.form-control\")\nI.see(\"Menu\")",
      "err": {},
      "isRoot": false,
      "uuid": "6f1c050c-a326-4384-98b4-8612ad1cdd42",
      "parentUUID": "888b0bfe-37d1-42a9-91d8-30824d0ed911",
      "skipped": false
    },
    {
      "title": "Check Navigation",
      "fullTitle": "Gallery: Check Navigation",
      "timedOut": false,
      "duration": 2498,
      "state": "failed",
      "pass": false,
      "fail": true,
      "pending": false,
      "code": "I.click(\"Menu\")\nI.seeElement(\"ul.dropdown-menu\")\nI.see(\"Home\")\nI.see(\"Gallery\")\nI.see(\"Documentation\")\nI.see(\"Interactive Taxonomy\")\nI.click(\"Home\")\nI.seeInCurrentUrl(\"/index.html\")\nI.amOnPage(\"/gallery.html\")\nI.click(\"Menu\")\nI.click(\"Gallery\")\nI.seeInCurrentUrl(\"gallery.html\")\nI.amOnPage(\"/gallery.html\")\nI.click(\"Menu\")\nI.click(\"Documentation\")\nI.seeInCurrentUrl(\"docs.html\")\nI.amOnPage(\"/gallery.html\")\nI.click(\"Menu\")\nI.click(\"Interactive Taxonomy\")\nI.seeInCurrentUrl(\"taxonomy.html\")",
      "err": {
        "name": "NoSuchElementError",
        "estack": "no such element: Unable to locate element: {\"method\":\"css selector\",\"selector\":\"Home\"}\n  (Session info: chrome=56.0.2924.87)\n  (Driver info: chromedriver=2.27.440174 (e97a722caafc2d3a8b807ee115bfb307f7d2cfd9),platform=Mac OS X 10.10.5 x86_64) (WARNING: The server did not provide any stacktrace information)\nCommand duration or timeout: 26 milliseconds\nFor documentation on this error, please visit: http://seleniumhq.org/exceptions/no_such_element.html\nBuild info: version: '3.0.1', revision: '1969d75', time: '2016-10-18 09:48:19 -0700'\nSystem info: host: 'Scotts-MacBook-Air-3.local', ip: '192.168.1.202', os.name: 'Mac OS X', os.arch: 'x86_64', os.version: '10.10.5', java.version: '1.8.0_121'\nDriver info: org.openqa.selenium.chrome.ChromeDriver\nCapabilities [{applicationCacheEnabled=false, rotatable=false, mobileEmulationEnabled=false, networkConnectionEnabled=false, chrome={chromedriverVersion=2.27.440174 (e97a722caafc2d3a8b807ee115bfb307f7d2cfd9), userDataDir=/var/folders/9z/_twb8r017dj48qyffdp9dcg80000gn/T/.org.chromium.Chromium.qBoeHP}, takesHeapSnapshot=true, pageLoadStrategy=normal, databaseEnabled=false, handlesAlerts=true, hasTouchScreen=false, version=56.0.2924.87, platform=MAC, browserConnectionEnabled=false, nativeEvents=true, acceptSslCerts=true, locationContextEnabled=true, webStorageEnabled=true, browserName=chrome, takesScreenshot=true, javascriptEnabled=true, cssSelectorsEnabled=true, unexpectedAlertBehaviour=}]\nSession ID: b6aec91cd207413826a367652152614f\n*** Element info: {Using=css selector, value=Home}\n\nScenario Steps:\n\n- I.seeInCurrentUrl(\"taxonomy.html\") at Test.Scenario (/Users/scottsfarley/Documents/IceAgeMapper/tests/gallery_test.js:34:5)\n- I.click(\"Interactive Taxonomy\") at Test.Scenario (/Users/scottsfarley/Documents/IceAgeMapper/tests/gallery_test.js:33:5)\n- I.click(\"Menu\") at Test.Scenario (/Users/scottsfarley/Documents/IceAgeMapper/tests/gallery_test.js:32:5)\n- I.amOnPage(\"/gallery.html\") at Test.Scenario (/Users/scottsfarley/Documents/IceAgeMapper/tests/gallery_test.js:31:5)\n- I.seeInCurrentUrl(\"docs.html\") at Test.Scenario (/Users/scottsfarley/Documents/IceAgeMapper/tests/gallery_test.js:30:5)\n- I.click(\"Documentation\") at Test.Scenario (/Users/scottsfarley/Documents/IceAgeMapper/tests/gallery_test.js:29:5)\n- I.click(\"Menu\") at Test.Scenario (/Users/scottsfarley/Documents/IceAgeMapper/tests/gallery_test.js:28:5)\n- I.amOnPage(\"/gallery.html\") at Test.Scenario (/Users/scottsfarley/Documents/IceAgeMapper/tests/gallery_test.js:27:5)\n- I.seeInCurrentUrl(\"gallery.html\") at Test.Scenario (/Users/scottsfarley/Documents/IceAgeMapper/tests/gallery_test.js:26:5)\n- I.click(\"Gallery\") at Test.Scenario (/Users/scottsfarley/Documents/IceAgeMapper/tests/gallery_test.js:25:5)\n- I.click(\"Menu\") at Test.Scenario (/Users/scottsfarley/Documents/IceAgeMapper/tests/gallery_test.js:24:5)\n- I.amOnPage(\"/gallery.html\") at Test.Scenario (/Users/scottsfarley/Documents/IceAgeMapper/tests/gallery_test.js:23:5)\n- I.seeInCurrentUrl(\"/index.html\") at Test.Scenario (/Users/scottsfarley/Documents/IceAgeMapper/tests/gallery_test.js:22:5)\n- I.click(\"Home\") at Test.Scenario (/Users/scottsfarley/Documents/IceAgeMapper/tests/gallery_test.js:21:5)\n- I.see(\"Interactive Taxonomy\") at Test.Scenario (/Users/scottsfarley/Documents/IceAgeMapper/tests/gallery_test.js:20:5)\n- I.see(\"Documentation\") at Test.Scenario (/Users/scottsfarley/Documents/IceAgeMapper/tests/gallery_test.js:19:5)\n- I.see(\"Gallery\") at Test.Scenario (/Users/scottsfarley/Documents/IceAgeMapper/tests/gallery_test.js:18:5)\n- I.see(\"Home\") at Test.Scenario (/Users/scottsfarley/Documents/IceAgeMapper/tests/gallery_test.js:17:5)\n- I.seeElement(\"ul.dropdown-menu\") at Test.Scenario (/Users/scottsfarley/Documents/IceAgeMapper/tests/gallery_test.js:16:5)\n- I.click(\"Menu\") at Test.Scenario (/Users/scottsfarley/Documents/IceAgeMapper/tests/gallery_test.js:15:5)\n\n"
      },
      "isRoot": false,
      "uuid": "8a84bcbe-0203-4a04-96c6-c12c9cd77a38",
      "parentUUID": "888b0bfe-37d1-42a9-91d8-30824d0ed911",
      "skipped": false
    },
    {
      "title": "Check dropdown",
      "fullTitle": "Gallery: Check dropdown",
      "timedOut": false,
      "duration": 639,
      "state": "passed",
      "speed": "slow",
      "pass": true,
      "fail": false,
      "pending": false,
      "code": "I.seeElement(\"select.form-control\")\nI.click(\"select.form-control\")\nI.see(\"Newest\")\nI.see(\"Title\")\nI.see(\"Organization\")",
      "err": {},
      "isRoot": false,
      "uuid": "b7b2912d-5ec8-4292-8a4c-efeb30e7b3be",
      "parentUUID": "888b0bfe-37d1-42a9-91d8-30824d0ed911",
      "skipped": false
    },
    {
      "title": "Check gallery items",
      "fullTitle": "Gallery: Check gallery items",
      "timedOut": false,
      "duration": 753,
      "state": "failed",
      "pass": false,
      "fail": true,
      "pending": false,
      "code": "I.seeElement(\".gallery-item\")\nI.click(\".gallery-item\")\nI.seeInCurrentUrl(\"iam.html?shareToken=\")",
      "err": {
        "params": {
          "subject": "elements",
          "customMessage": "",
          "type": "not to be empty",
          "actual": [],
          "value": "[]",
          "expected": []
        },
        "template": "{{customMessage}}expected {{subject}} '{{value}}' {{type}}",
        "stack": "expected elements '[]' not to be empty\n\nScenario Steps:\n\n- I.seeInCurrentUrl(\"iam.html?shareToken=\") at Test.Scenario (/Users/scottsfarley/Documents/IceAgeMapper/tests/gallery_test.js:48:5)\n- I.click(\".gallery-item\") at Test.Scenario (/Users/scottsfarley/Documents/IceAgeMapper/tests/gallery_test.js:47:5)\n- I.seeElement(\".gallery-item\") at Test.Scenario (/Users/scottsfarley/Documents/IceAgeMapper/tests/gallery_test.js:46:5)\n\n",
        "showDiff": true,
        "actual": "[]",
        "expected": "[]",
        "message": "expected elements '[]' not to be empty",
        "estack": "expected elements '[]' not to be empty\n\nScenario Steps:\n\n- I.seeInCurrentUrl(\"iam.html?shareToken=\") at Test.Scenario (/Users/scottsfarley/Documents/IceAgeMapper/tests/gallery_test.js:48:5)\n- I.click(\".gallery-item\") at Test.Scenario (/Users/scottsfarley/Documents/IceAgeMapper/tests/gallery_test.js:47:5)\n- I.seeElement(\".gallery-item\") at Test.Scenario (/Users/scottsfarley/Documents/IceAgeMapper/tests/gallery_test.js:46:5)\n\n",
        "diff": ""
      },
      "isRoot": false,
      "uuid": "d8d88d77-92c0-4abc-88d6-ffdf9a9e3727",
      "parentUUID": "888b0bfe-37d1-42a9-91d8-30824d0ed911",
      "skipped": false
    },
    {
      "title": "Title",
      "fullTitle": "Landing Page: Title",
      "timedOut": false,
      "duration": 2495,
      "state": "passed",
      "speed": "slow",
      "pass": true,
      "fail": false,
      "pending": false,
      "code": "I.amOnPage('/index.html');\nI.seeInTitle('Ice Age Mapper'); //check that the main title is there",
      "err": {},
      "isRoot": false,
      "uuid": "e4f8fe40-f004-47bf-9351-c02ecf7f1556",
      "parentUUID": "16d73722-8de3-4630-9dc1-3d4bf88c65fb",
      "skipped": false
    },
    {
      "title": "Check navigation to main map",
      "fullTitle": "Landing Page: Check navigation to main map",
      "timedOut": false,
      "duration": 4364,
      "state": "passed",
      "speed": "slow",
      "pass": true,
      "fail": false,
      "pending": false,
      "code": "I.amOnPage('/index.html');\nI.seeElement(\"#goToMap\"); //make sure the link is present\nI.click(\"Take me straight to the map\");//click the link\nI.seeInCurrentUrl(\"/iam.html\") //make sure the navigation works",
      "err": {},
      "isRoot": false,
      "uuid": "aec7b5f8-be96-4324-8917-3bfc9c14ca57",
      "parentUUID": "16d73722-8de3-4630-9dc1-3d4bf88c65fb",
      "skipped": false
    },
    {
      "title": "Check search bar",
      "fullTitle": "Landing Page: Check search bar",
      "timedOut": false,
      "duration": 6107,
      "state": "passed",
      "speed": "slow",
      "pass": true,
      "fail": false,
      "pending": false,
      "code": "function* (I){\n  I.amOnPage('/index.html');\n  I.seeElement(\"#taxaAutocomplete\");\n  I.fillField(\"#taxaAutocomplete\", \"picea\");\n  //check that it autocompletes\n  I.seeElement('li', {'text': \"Picea\"})\n  I.seeElement('li', {'text': \"Picea sp.\"})\n  I.seeElement('li', {'text': \"Picea abies\"})\n  //click the first element\n  I.click(\"ul>li>mark\");\n  //check the link is right\n  I.click(\"#searchButton\");\n  I.seeInCurrentUrl(\"/iam.html?taxonname=Picea\")",
      "err": {},
      "isRoot": false,
      "uuid": "a1c2228b-a3c9-4f25-91c5-2fed3f8fcd57",
      "parentUUID": "16d73722-8de3-4630-9dc1-3d4bf88c65fb",
      "skipped": false
    },
    {
      "title": "Check Navigation to Gallery",
      "fullTitle": "Landing Page: Check Navigation to Gallery",
      "timedOut": false,
      "duration": 4242,
      "state": "passed",
      "speed": "slow",
      "pass": true,
      "fail": false,
      "pending": false,
      "code": "I.amOnPage(\"/index.html\");\nI.seeElement(\"#goToGallery\");\nI.click(\"#goToGallery\");\nI.seeInCurrentUrl(\"/gallery.html\")",
      "err": {},
      "isRoot": false,
      "uuid": "bc09c4f3-685c-4e41-8cc4-cefd72800a6b",
      "parentUUID": "16d73722-8de3-4630-9dc1-3d4bf88c65fb",
      "skipped": false
    },
    {
      "title": "Check Navigation to Taxonomy",
      "fullTitle": "Landing Page: Check Navigation to Taxonomy",
      "timedOut": false,
      "duration": 3487,
      "state": "passed",
      "speed": "slow",
      "pass": true,
      "fail": false,
      "pending": false,
      "code": "I.amOnPage(\"/index.html\");\nI.seeElement(\"#goToTaxonomy\");\nI.click(\"#goToTaxonomy\");\nI.seeInCurrentUrl(\"/taxonomy.html\")",
      "err": {},
      "isRoot": false,
      "uuid": "0e9d1a38-a9d3-4964-bd03-0b68e3b63cbb",
      "parentUUID": "16d73722-8de3-4630-9dc1-3d4bf88c65fb",
      "skipped": false
    },
    {
      "title": "Check Social Links",
      "fullTitle": "Landing Page: Check Social Links",
      "timedOut": false,
      "duration": 9671,
      "state": "passed",
      "speed": "slow",
      "pass": true,
      "fail": false,
      "pending": false,
      "code": "I.amOnPage(\"/index.html\");\nI.seeElement(\"ul.banner-social-buttons\");\nI.click(\"ul.banner-social-buttons>li:nth-child(1)\");\nI.seeInCurrentUrl(\"twitter.com\")\nI.amOnPage(\"/index.html\");\nI.click(\"ul.banner-social-buttons>li:nth-child(2)\");\nI.seeInCurrentUrl(\"github.com\")\nI.amOnPage(\"/index.html\");\nI.click(\"ul.banner-social-buttons>li:nth-child(3)\");\nI.seeInCurrentUrl(\"github.io\")",
      "err": {},
      "isRoot": false,
      "uuid": "e83ce82f-b068-431c-b141-488fd4c1bc4c",
      "parentUUID": "16d73722-8de3-4630-9dc1-3d4bf88c65fb",
      "skipped": false
    },
    {
      "title": "Check Ecological Group Dropdown",
      "fullTitle": "Landing Page: Check Ecological Group Dropdown",
      "timedOut": false,
      "duration": 4656,
      "state": "failed",
      "pass": false,
      "fail": true,
      "pending": false,
      "code": "I.amOnPage(\"/index.html\");\nI.seeElement(\"select#ecolGroupSelect\");\nI.selectOption(\"select#ecolGroupSelect\", \"Aves\")\nI.see(\"Aves\");\nI.see(\"cf. Aves\")\nI.see(\"Aves sp.\")\nI.see(\"Aves spp.\")\nI.selectOption(\"select#taxonSelect\", \"Aves spp.\")\nI.seeInCurrentUrl(\"?taxonid=19648\")",
      "err": {
        "params": {
          "jar": "url",
          "customMessage": "",
          "type": "to include",
          "needle": "?taxonid=19648",
          "haystack": "http://localhost:8000/index.html"
        },
        "template": "{{customMessage}}expected {{jar}} {{type}} \"{{needle}}\"",
        "stack": "expected url to include \"?taxonid=19648\"\n\nScenario Steps:\n\n- I.seeInCurrentUrl(\"?taxonid=19648\") at Test.Scenario (/Users/scottsfarley/Documents/IceAgeMapper/tests/index_test.js:67:5)\n- I.selectOption(\"select#taxonSelect\", \"Aves spp.\") at Test.Scenario (/Users/scottsfarley/Documents/IceAgeMapper/tests/index_test.js:66:5)\n- I.see(\"Aves spp.\") at Test.Scenario (/Users/scottsfarley/Documents/IceAgeMapper/tests/index_test.js:65:5)\n- I.see(\"Aves sp.\") at Test.Scenario (/Users/scottsfarley/Documents/IceAgeMapper/tests/index_test.js:64:5)\n- I.see(\"cf. Aves\") at Test.Scenario (/Users/scottsfarley/Documents/IceAgeMapper/tests/index_test.js:63:5)\n- I.see(\"Aves\") at Test.Scenario (/Users/scottsfarley/Documents/IceAgeMapper/tests/index_test.js:62:5)\n- I.selectOption(\"select#ecolGroupSelect\", \"Aves\") at Test.Scenario (/Users/scottsfarley/Documents/IceAgeMapper/tests/index_test.js:61:5)\n- I.seeElement(\"select#ecolGroupSelect\") at Test.Scenario (/Users/scottsfarley/Documents/IceAgeMapper/tests/index_test.js:60:5)\n- I.amOnPage(\"/index.html\") at Test.Scenario (/Users/scottsfarley/Documents/IceAgeMapper/tests/index_test.js:59:5)\n\n",
        "showDiff": true,
        "actual": "http://localhost:8000/index.html",
        "expected": "?taxonid=19648",
        "message": "expected url to include \"?taxonid=19648\"",
        "estack": "expected url to include \"?taxonid=19648\"\n\nScenario Steps:\n\n- I.seeInCurrentUrl(\"?taxonid=19648\") at Test.Scenario (/Users/scottsfarley/Documents/IceAgeMapper/tests/index_test.js:67:5)\n- I.selectOption(\"select#taxonSelect\", \"Aves spp.\") at Test.Scenario (/Users/scottsfarley/Documents/IceAgeMapper/tests/index_test.js:66:5)\n- I.see(\"Aves spp.\") at Test.Scenario (/Users/scottsfarley/Documents/IceAgeMapper/tests/index_test.js:65:5)\n- I.see(\"Aves sp.\") at Test.Scenario (/Users/scottsfarley/Documents/IceAgeMapper/tests/index_test.js:64:5)\n- I.see(\"cf. Aves\") at Test.Scenario (/Users/scottsfarley/Documents/IceAgeMapper/tests/index_test.js:63:5)\n- I.see(\"Aves\") at Test.Scenario (/Users/scottsfarley/Documents/IceAgeMapper/tests/index_test.js:62:5)\n- I.selectOption(\"select#ecolGroupSelect\", \"Aves\") at Test.Scenario (/Users/scottsfarley/Documents/IceAgeMapper/tests/index_test.js:61:5)\n- I.seeElement(\"select#ecolGroupSelect\") at Test.Scenario (/Users/scottsfarley/Documents/IceAgeMapper/tests/index_test.js:60:5)\n- I.amOnPage(\"/index.html\") at Test.Scenario (/Users/scottsfarley/Documents/IceAgeMapper/tests/index_test.js:59:5)\n\n",
        "diff": "- http://localhost:8000/index.html\n+ ?taxonid=19648\n"
      },
      "isRoot": false,
      "uuid": "8a70205f-066b-425f-96a5-dd5fa8ca9b6a",
      "parentUUID": "16d73722-8de3-4630-9dc1-3d4bf88c65fb",
      "skipped": false
    }
  ],
  "allPending": [],
  "allPasses": [
    {
      "title": "Check controls",
      "fullTitle": "Gallery: Check controls",
      "timedOut": false,
      "duration": 453,
      "state": "passed",
      "speed": "slow",
      "pass": true,
      "fail": false,
      "pending": false,
      "code": "I.seeElement(\"input.form-control\")\nI.seeElement(\"select.form-control\")\nI.see(\"Menu\")",
      "err": {},
      "isRoot": false,
      "uuid": "6f1c050c-a326-4384-98b4-8612ad1cdd42",
      "parentUUID": "888b0bfe-37d1-42a9-91d8-30824d0ed911",
      "skipped": false
    },
    {
      "title": "Check dropdown",
      "fullTitle": "Gallery: Check dropdown",
      "timedOut": false,
      "duration": 639,
      "state": "passed",
      "speed": "slow",
      "pass": true,
      "fail": false,
      "pending": false,
      "code": "I.seeElement(\"select.form-control\")\nI.click(\"select.form-control\")\nI.see(\"Newest\")\nI.see(\"Title\")\nI.see(\"Organization\")",
      "err": {},
      "isRoot": false,
      "uuid": "b7b2912d-5ec8-4292-8a4c-efeb30e7b3be",
      "parentUUID": "888b0bfe-37d1-42a9-91d8-30824d0ed911",
      "skipped": false
    },
    {
      "title": "Title",
      "fullTitle": "Landing Page: Title",
      "timedOut": false,
      "duration": 2495,
      "state": "passed",
      "speed": "slow",
      "pass": true,
      "fail": false,
      "pending": false,
      "code": "I.amOnPage('/index.html');\nI.seeInTitle('Ice Age Mapper'); //check that the main title is there",
      "err": {},
      "isRoot": false,
      "uuid": "e4f8fe40-f004-47bf-9351-c02ecf7f1556",
      "parentUUID": "16d73722-8de3-4630-9dc1-3d4bf88c65fb",
      "skipped": false
    },
    {
      "title": "Check navigation to main map",
      "fullTitle": "Landing Page: Check navigation to main map",
      "timedOut": false,
      "duration": 4364,
      "state": "passed",
      "speed": "slow",
      "pass": true,
      "fail": false,
      "pending": false,
      "code": "I.amOnPage('/index.html');\nI.seeElement(\"#goToMap\"); //make sure the link is present\nI.click(\"Take me straight to the map\");//click the link\nI.seeInCurrentUrl(\"/iam.html\") //make sure the navigation works",
      "err": {},
      "isRoot": false,
      "uuid": "aec7b5f8-be96-4324-8917-3bfc9c14ca57",
      "parentUUID": "16d73722-8de3-4630-9dc1-3d4bf88c65fb",
      "skipped": false
    },
    {
      "title": "Check search bar",
      "fullTitle": "Landing Page: Check search bar",
      "timedOut": false,
      "duration": 6107,
      "state": "passed",
      "speed": "slow",
      "pass": true,
      "fail": false,
      "pending": false,
      "code": "function* (I){\n  I.amOnPage('/index.html');\n  I.seeElement(\"#taxaAutocomplete\");\n  I.fillField(\"#taxaAutocomplete\", \"picea\");\n  //check that it autocompletes\n  I.seeElement('li', {'text': \"Picea\"})\n  I.seeElement('li', {'text': \"Picea sp.\"})\n  I.seeElement('li', {'text': \"Picea abies\"})\n  //click the first element\n  I.click(\"ul>li>mark\");\n  //check the link is right\n  I.click(\"#searchButton\");\n  I.seeInCurrentUrl(\"/iam.html?taxonname=Picea\")",
      "err": {},
      "isRoot": false,
      "uuid": "a1c2228b-a3c9-4f25-91c5-2fed3f8fcd57",
      "parentUUID": "16d73722-8de3-4630-9dc1-3d4bf88c65fb",
      "skipped": false
    },
    {
      "title": "Check Navigation to Gallery",
      "fullTitle": "Landing Page: Check Navigation to Gallery",
      "timedOut": false,
      "duration": 4242,
      "state": "passed",
      "speed": "slow",
      "pass": true,
      "fail": false,
      "pending": false,
      "code": "I.amOnPage(\"/index.html\");\nI.seeElement(\"#goToGallery\");\nI.click(\"#goToGallery\");\nI.seeInCurrentUrl(\"/gallery.html\")",
      "err": {},
      "isRoot": false,
      "uuid": "bc09c4f3-685c-4e41-8cc4-cefd72800a6b",
      "parentUUID": "16d73722-8de3-4630-9dc1-3d4bf88c65fb",
      "skipped": false
    },
    {
      "title": "Check Navigation to Taxonomy",
      "fullTitle": "Landing Page: Check Navigation to Taxonomy",
      "timedOut": false,
      "duration": 3487,
      "state": "passed",
      "speed": "slow",
      "pass": true,
      "fail": false,
      "pending": false,
      "code": "I.amOnPage(\"/index.html\");\nI.seeElement(\"#goToTaxonomy\");\nI.click(\"#goToTaxonomy\");\nI.seeInCurrentUrl(\"/taxonomy.html\")",
      "err": {},
      "isRoot": false,
      "uuid": "0e9d1a38-a9d3-4964-bd03-0b68e3b63cbb",
      "parentUUID": "16d73722-8de3-4630-9dc1-3d4bf88c65fb",
      "skipped": false
    },
    {
      "title": "Check Social Links",
      "fullTitle": "Landing Page: Check Social Links",
      "timedOut": false,
      "duration": 9671,
      "state": "passed",
      "speed": "slow",
      "pass": true,
      "fail": false,
      "pending": false,
      "code": "I.amOnPage(\"/index.html\");\nI.seeElement(\"ul.banner-social-buttons\");\nI.click(\"ul.banner-social-buttons>li:nth-child(1)\");\nI.seeInCurrentUrl(\"twitter.com\")\nI.amOnPage(\"/index.html\");\nI.click(\"ul.banner-social-buttons>li:nth-child(2)\");\nI.seeInCurrentUrl(\"github.com\")\nI.amOnPage(\"/index.html\");\nI.click(\"ul.banner-social-buttons>li:nth-child(3)\");\nI.seeInCurrentUrl(\"github.io\")",
      "err": {},
      "isRoot": false,
      "uuid": "e83ce82f-b068-431c-b141-488fd4c1bc4c",
      "parentUUID": "16d73722-8de3-4630-9dc1-3d4bf88c65fb",
      "skipped": false
    }
  ],
  "allFailures": [
    {
      "title": "Check Navigation",
      "fullTitle": "Gallery: Check Navigation",
      "timedOut": false,
      "duration": 2498,
      "state": "failed",
      "pass": false,
      "fail": true,
      "pending": false,
      "code": "I.click(\"Menu\")\nI.seeElement(\"ul.dropdown-menu\")\nI.see(\"Home\")\nI.see(\"Gallery\")\nI.see(\"Documentation\")\nI.see(\"Interactive Taxonomy\")\nI.click(\"Home\")\nI.seeInCurrentUrl(\"/index.html\")\nI.amOnPage(\"/gallery.html\")\nI.click(\"Menu\")\nI.click(\"Gallery\")\nI.seeInCurrentUrl(\"gallery.html\")\nI.amOnPage(\"/gallery.html\")\nI.click(\"Menu\")\nI.click(\"Documentation\")\nI.seeInCurrentUrl(\"docs.html\")\nI.amOnPage(\"/gallery.html\")\nI.click(\"Menu\")\nI.click(\"Interactive Taxonomy\")\nI.seeInCurrentUrl(\"taxonomy.html\")",
      "err": {
        "name": "NoSuchElementError",
        "estack": "no such element: Unable to locate element: {\"method\":\"css selector\",\"selector\":\"Home\"}\n  (Session info: chrome=56.0.2924.87)\n  (Driver info: chromedriver=2.27.440174 (e97a722caafc2d3a8b807ee115bfb307f7d2cfd9),platform=Mac OS X 10.10.5 x86_64) (WARNING: The server did not provide any stacktrace information)\nCommand duration or timeout: 26 milliseconds\nFor documentation on this error, please visit: http://seleniumhq.org/exceptions/no_such_element.html\nBuild info: version: '3.0.1', revision: '1969d75', time: '2016-10-18 09:48:19 -0700'\nSystem info: host: 'Scotts-MacBook-Air-3.local', ip: '192.168.1.202', os.name: 'Mac OS X', os.arch: 'x86_64', os.version: '10.10.5', java.version: '1.8.0_121'\nDriver info: org.openqa.selenium.chrome.ChromeDriver\nCapabilities [{applicationCacheEnabled=false, rotatable=false, mobileEmulationEnabled=false, networkConnectionEnabled=false, chrome={chromedriverVersion=2.27.440174 (e97a722caafc2d3a8b807ee115bfb307f7d2cfd9), userDataDir=/var/folders/9z/_twb8r017dj48qyffdp9dcg80000gn/T/.org.chromium.Chromium.qBoeHP}, takesHeapSnapshot=true, pageLoadStrategy=normal, databaseEnabled=false, handlesAlerts=true, hasTouchScreen=false, version=56.0.2924.87, platform=MAC, browserConnectionEnabled=false, nativeEvents=true, acceptSslCerts=true, locationContextEnabled=true, webStorageEnabled=true, browserName=chrome, takesScreenshot=true, javascriptEnabled=true, cssSelectorsEnabled=true, unexpectedAlertBehaviour=}]\nSession ID: b6aec91cd207413826a367652152614f\n*** Element info: {Using=css selector, value=Home}\n\nScenario Steps:\n\n- I.seeInCurrentUrl(\"taxonomy.html\") at Test.Scenario (/Users/scottsfarley/Documents/IceAgeMapper/tests/gallery_test.js:34:5)\n- I.click(\"Interactive Taxonomy\") at Test.Scenario (/Users/scottsfarley/Documents/IceAgeMapper/tests/gallery_test.js:33:5)\n- I.click(\"Menu\") at Test.Scenario (/Users/scottsfarley/Documents/IceAgeMapper/tests/gallery_test.js:32:5)\n- I.amOnPage(\"/gallery.html\") at Test.Scenario (/Users/scottsfarley/Documents/IceAgeMapper/tests/gallery_test.js:31:5)\n- I.seeInCurrentUrl(\"docs.html\") at Test.Scenario (/Users/scottsfarley/Documents/IceAgeMapper/tests/gallery_test.js:30:5)\n- I.click(\"Documentation\") at Test.Scenario (/Users/scottsfarley/Documents/IceAgeMapper/tests/gallery_test.js:29:5)\n- I.click(\"Menu\") at Test.Scenario (/Users/scottsfarley/Documents/IceAgeMapper/tests/gallery_test.js:28:5)\n- I.amOnPage(\"/gallery.html\") at Test.Scenario (/Users/scottsfarley/Documents/IceAgeMapper/tests/gallery_test.js:27:5)\n- I.seeInCurrentUrl(\"gallery.html\") at Test.Scenario (/Users/scottsfarley/Documents/IceAgeMapper/tests/gallery_test.js:26:5)\n- I.click(\"Gallery\") at Test.Scenario (/Users/scottsfarley/Documents/IceAgeMapper/tests/gallery_test.js:25:5)\n- I.click(\"Menu\") at Test.Scenario (/Users/scottsfarley/Documents/IceAgeMapper/tests/gallery_test.js:24:5)\n- I.amOnPage(\"/gallery.html\") at Test.Scenario (/Users/scottsfarley/Documents/IceAgeMapper/tests/gallery_test.js:23:5)\n- I.seeInCurrentUrl(\"/index.html\") at Test.Scenario (/Users/scottsfarley/Documents/IceAgeMapper/tests/gallery_test.js:22:5)\n- I.click(\"Home\") at Test.Scenario (/Users/scottsfarley/Documents/IceAgeMapper/tests/gallery_test.js:21:5)\n- I.see(\"Interactive Taxonomy\") at Test.Scenario (/Users/scottsfarley/Documents/IceAgeMapper/tests/gallery_test.js:20:5)\n- I.see(\"Documentation\") at Test.Scenario (/Users/scottsfarley/Documents/IceAgeMapper/tests/gallery_test.js:19:5)\n- I.see(\"Gallery\") at Test.Scenario (/Users/scottsfarley/Documents/IceAgeMapper/tests/gallery_test.js:18:5)\n- I.see(\"Home\") at Test.Scenario (/Users/scottsfarley/Documents/IceAgeMapper/tests/gallery_test.js:17:5)\n- I.seeElement(\"ul.dropdown-menu\") at Test.Scenario (/Users/scottsfarley/Documents/IceAgeMapper/tests/gallery_test.js:16:5)\n- I.click(\"Menu\") at Test.Scenario (/Users/scottsfarley/Documents/IceAgeMapper/tests/gallery_test.js:15:5)\n\n"
      },
      "isRoot": false,
      "uuid": "8a84bcbe-0203-4a04-96c6-c12c9cd77a38",
      "parentUUID": "888b0bfe-37d1-42a9-91d8-30824d0ed911",
      "skipped": false
    },
    {
      "title": "Check gallery items",
      "fullTitle": "Gallery: Check gallery items",
      "timedOut": false,
      "duration": 753,
      "state": "failed",
      "pass": false,
      "fail": true,
      "pending": false,
      "code": "I.seeElement(\".gallery-item\")\nI.click(\".gallery-item\")\nI.seeInCurrentUrl(\"iam.html?shareToken=\")",
      "err": {
        "params": {
          "subject": "elements",
          "customMessage": "",
          "type": "not to be empty",
          "actual": [],
          "value": "[]",
          "expected": []
        },
        "template": "{{customMessage}}expected {{subject}} '{{value}}' {{type}}",
        "stack": "expected elements '[]' not to be empty\n\nScenario Steps:\n\n- I.seeInCurrentUrl(\"iam.html?shareToken=\") at Test.Scenario (/Users/scottsfarley/Documents/IceAgeMapper/tests/gallery_test.js:48:5)\n- I.click(\".gallery-item\") at Test.Scenario (/Users/scottsfarley/Documents/IceAgeMapper/tests/gallery_test.js:47:5)\n- I.seeElement(\".gallery-item\") at Test.Scenario (/Users/scottsfarley/Documents/IceAgeMapper/tests/gallery_test.js:46:5)\n\n",
        "showDiff": true,
        "actual": "[]",
        "expected": "[]",
        "message": "expected elements '[]' not to be empty",
        "estack": "expected elements '[]' not to be empty\n\nScenario Steps:\n\n- I.seeInCurrentUrl(\"iam.html?shareToken=\") at Test.Scenario (/Users/scottsfarley/Documents/IceAgeMapper/tests/gallery_test.js:48:5)\n- I.click(\".gallery-item\") at Test.Scenario (/Users/scottsfarley/Documents/IceAgeMapper/tests/gallery_test.js:47:5)\n- I.seeElement(\".gallery-item\") at Test.Scenario (/Users/scottsfarley/Documents/IceAgeMapper/tests/gallery_test.js:46:5)\n\n",
        "diff": ""
      },
      "isRoot": false,
      "uuid": "d8d88d77-92c0-4abc-88d6-ffdf9a9e3727",
      "parentUUID": "888b0bfe-37d1-42a9-91d8-30824d0ed911",
      "skipped": false
    },
    {
      "title": "Check Ecological Group Dropdown",
      "fullTitle": "Landing Page: Check Ecological Group Dropdown",
      "timedOut": false,
      "duration": 4656,
      "state": "failed",
      "pass": false,
      "fail": true,
      "pending": false,
      "code": "I.amOnPage(\"/index.html\");\nI.seeElement(\"select#ecolGroupSelect\");\nI.selectOption(\"select#ecolGroupSelect\", \"Aves\")\nI.see(\"Aves\");\nI.see(\"cf. Aves\")\nI.see(\"Aves sp.\")\nI.see(\"Aves spp.\")\nI.selectOption(\"select#taxonSelect\", \"Aves spp.\")\nI.seeInCurrentUrl(\"?taxonid=19648\")",
      "err": {
        "params": {
          "jar": "url",
          "customMessage": "",
          "type": "to include",
          "needle": "?taxonid=19648",
          "haystack": "http://localhost:8000/index.html"
        },
        "template": "{{customMessage}}expected {{jar}} {{type}} \"{{needle}}\"",
        "stack": "expected url to include \"?taxonid=19648\"\n\nScenario Steps:\n\n- I.seeInCurrentUrl(\"?taxonid=19648\") at Test.Scenario (/Users/scottsfarley/Documents/IceAgeMapper/tests/index_test.js:67:5)\n- I.selectOption(\"select#taxonSelect\", \"Aves spp.\") at Test.Scenario (/Users/scottsfarley/Documents/IceAgeMapper/tests/index_test.js:66:5)\n- I.see(\"Aves spp.\") at Test.Scenario (/Users/scottsfarley/Documents/IceAgeMapper/tests/index_test.js:65:5)\n- I.see(\"Aves sp.\") at Test.Scenario (/Users/scottsfarley/Documents/IceAgeMapper/tests/index_test.js:64:5)\n- I.see(\"cf. Aves\") at Test.Scenario (/Users/scottsfarley/Documents/IceAgeMapper/tests/index_test.js:63:5)\n- I.see(\"Aves\") at Test.Scenario (/Users/scottsfarley/Documents/IceAgeMapper/tests/index_test.js:62:5)\n- I.selectOption(\"select#ecolGroupSelect\", \"Aves\") at Test.Scenario (/Users/scottsfarley/Documents/IceAgeMapper/tests/index_test.js:61:5)\n- I.seeElement(\"select#ecolGroupSelect\") at Test.Scenario (/Users/scottsfarley/Documents/IceAgeMapper/tests/index_test.js:60:5)\n- I.amOnPage(\"/index.html\") at Test.Scenario (/Users/scottsfarley/Documents/IceAgeMapper/tests/index_test.js:59:5)\n\n",
        "showDiff": true,
        "actual": "http://localhost:8000/index.html",
        "expected": "?taxonid=19648",
        "message": "expected url to include \"?taxonid=19648\"",
        "estack": "expected url to include \"?taxonid=19648\"\n\nScenario Steps:\n\n- I.seeInCurrentUrl(\"?taxonid=19648\") at Test.Scenario (/Users/scottsfarley/Documents/IceAgeMapper/tests/index_test.js:67:5)\n- I.selectOption(\"select#taxonSelect\", \"Aves spp.\") at Test.Scenario (/Users/scottsfarley/Documents/IceAgeMapper/tests/index_test.js:66:5)\n- I.see(\"Aves spp.\") at Test.Scenario (/Users/scottsfarley/Documents/IceAgeMapper/tests/index_test.js:65:5)\n- I.see(\"Aves sp.\") at Test.Scenario (/Users/scottsfarley/Documents/IceAgeMapper/tests/index_test.js:64:5)\n- I.see(\"cf. Aves\") at Test.Scenario (/Users/scottsfarley/Documents/IceAgeMapper/tests/index_test.js:63:5)\n- I.see(\"Aves\") at Test.Scenario (/Users/scottsfarley/Documents/IceAgeMapper/tests/index_test.js:62:5)\n- I.selectOption(\"select#ecolGroupSelect\", \"Aves\") at Test.Scenario (/Users/scottsfarley/Documents/IceAgeMapper/tests/index_test.js:61:5)\n- I.seeElement(\"select#ecolGroupSelect\") at Test.Scenario (/Users/scottsfarley/Documents/IceAgeMapper/tests/index_test.js:60:5)\n- I.amOnPage(\"/index.html\") at Test.Scenario (/Users/scottsfarley/Documents/IceAgeMapper/tests/index_test.js:59:5)\n\n",
        "diff": "- http://localhost:8000/index.html\n+ ?taxonid=19648\n"
      },
      "isRoot": false,
      "uuid": "8a70205f-066b-425f-96a5-dd5fa8ca9b6a",
      "parentUUID": "16d73722-8de3-4630-9dc1-3d4bf88c65fb",
      "skipped": false
    }
  ],
  "copyrightYear": 2017
}